

Started GET "/" for 152.15.113.8 at 2016-02-16 16:12:04 +0000
Processing by Rails::WelcomeController#index as HTML
  Rendered /usr/local/rvm/gems/ruby-2.2.2/gems/railties-4.2.2/lib/rails/templates/rails/welcome/index.html.erb (6.2ms)
Completed 200 OK in 39ms (Views: 23.2ms | ActiveRecord: 0.0ms)


Started GET "/" for 152.15.113.8 at 2016-02-16 16:21:21 +0000
Processing by ApplicationController#hello as HTML
  Rendered text template (0.0ms)
Completed 200 OK in 3ms (Views: 3.0ms | ActiveRecord: 0.0ms)


Started GET "/" for 152.15.113.8 at 2016-10-13 00:32:20 +0000
Processing by ApplicationController#hello as HTML
  Rendered text template (0.0ms)
Completed 200 OK in 30ms (Views: 17.6ms | ActiveRecord: 0.0ms)


Started HEAD "/" for 152.15.113.8 at 2016-10-13 00:32:21 +0000
Processing by ApplicationController#hello as HTML
  Rendered text template (0.0ms)
Completed 200 OK in 1ms (Views: 0.4ms | ActiveRecord: 0.0ms)


Started GET "/" for 152.15.113.8 at 2016-10-13 00:32:21 +0000
Processing by ApplicationController#hello as HTML
  Rendered text template (0.0ms)
Completed 200 OK in 1ms (Views: 0.4ms | ActiveRecord: 0.0ms)


Started GET "/" for 152.15.113.8 at 2016-10-13 00:33:29 +0000
Processing by ApplicationController#hello as HTML
  Rendered text template (0.0ms)
Completed 200 OK in 1ms (Views: 0.3ms | ActiveRecord: 0.0ms)
